0 info it worked if it ends with ok
1 verbose cli [ 'C:\\Program Files\\nodeJS\\node.exe',
1 verbose cli   'C:\\Program Files\\nodeJS\\node_modules\\npm\\bin\\npm-cli.js',
1 verbose cli   'start' ]
2 info using npm@3.10.9
3 info using node@v7.2.0
4 verbose run-script [ 'prestart', 'start', 'poststart' ]
5 info lifecycle iti-network@1.0.0~prestart: iti-network@1.0.0
6 silly lifecycle iti-network@1.0.0~prestart: no script for prestart, continuing
7 info lifecycle iti-network@1.0.0~start: iti-network@1.0.0
8 verbose lifecycle iti-network@1.0.0~start: unsafe-perm in lifecycle true
9 verbose lifecycle iti-network@1.0.0~start: PATH: C:\Program Files\nodeJS\node_modules\npm\bin\node-gyp-bin;E:\MyDocs\INTECH\JavaScript\Angular\TP_chat\it-network-app\node_modules\.bin;C:\ProgramData\Oracle\Java\javapath;C:\Python33\;C:\Program Files (x86)\NVIDIA Corporation\PhysX\Common;C:\Program Files (x86)\Intel\iCLS Client\;C:\Program Files\Intel\iCLS Client\;C:\WINDOWS\system32;C:\WINDOWS;C:\WINDOWS\System32\Wbem;C:\WINDOWS\System32\WindowsPowerShell\v1.0\;C:\Program Files (x86)\Intel\OpenCL SDK\2.0\bin\x86;C:\Program Files (x86)\Intel\OpenCL SDK\2.0\bin\x64;C:\Program Files\Intel\Intel(R) Management Engine Components\DAL;C:\Program Files\Intel\Intel(R) Management Engine Components\IPT;C:\Program Files (x86)\Intel\Intel(R) Management Engine Components\DAL;C:\Program Files (x86)\Intel\Intel(R) Management Engine Components\IPT;C:\Program Files (x86)\Common Files\Acronis\SnapAPI\;C:\Program Files\MySQL\MySQL Server 5.5\bin;C:\Program Files (x86)\MySQL\MySQL Utilities\;C:\Program Files\Java\jdk1.8.0_31\bin;C:\Program Files\Microsoft\Web Platform Installer\;C:\Program Files (x86)\Microsoft ASP.NET\ASP.NET Web Pages\v1.0\;C:\Program Files\Microsoft SQL Server\110\Tools\Binn\;C:\wamp\bin\php\php5.5.12;C:\ProgramData\ComposerSetup\bin;C:\Program Files (x86)\Windows Live\Shared;C:\Grails\grails-2.4.4\bin;E:\MyDocs\Applications\apache-maven-3.3.3\bin;E:\MyDocs\Kafka\zookeeper-3.4.7\bin;C:\Program Files\cURL\bin;C:\Users\pasha\.dnx\bin;C:\Program Files\Microsoft DNX\Dnvm\;C:\Program Files (x86)\Git\cmd;C:\Program Files (x86)\GitExtensions\;C:\Program Files (x86)\Skype\Phone\;C:\Program Files\nodeJS\;C:\Program Files (x86)\Microsoft VS Code\bin;C:\Users\pasha\AppData\Roaming\npm
10 verbose lifecycle iti-network@1.0.0~start: CWD: E:\MyDocs\INTECH\JavaScript\Angular\TP_chat\it-network-app
11 silly lifecycle iti-network@1.0.0~start: Args: [ '/d /s /c', 'npm run server' ]
12 silly lifecycle iti-network@1.0.0~start: Returned: code: 3221225786  signal: null
13 info lifecycle iti-network@1.0.0~start: Failed to exec start script
14 verbose stack Error: iti-network@1.0.0 start: `npm run server`
14 verbose stack Exit status 3221225786
14 verbose stack     at EventEmitter.<anonymous> (C:\Program Files\nodeJS\node_modules\npm\lib\utils\lifecycle.js:255:16)
14 verbose stack     at emitTwo (events.js:106:13)
14 verbose stack     at EventEmitter.emit (events.js:191:7)
14 verbose stack     at ChildProcess.<anonymous> (C:\Program Files\nodeJS\node_modules\npm\lib\utils\spawn.js:40:14)
14 verbose stack     at emitTwo (events.js:106:13)
14 verbose stack     at ChildProcess.emit (events.js:191:7)
14 verbose stack     at maybeClose (internal/child_process.js:885:16)
14 verbose stack     at Process.ChildProcess._handle.onexit (internal/child_process.js:226:5)
15 verbose pkgid iti-network@1.0.0
16 verbose cwd E:\MyDocs\INTECH\JavaScript\Angular\TP_chat\it-network-app
17 error Windows_NT 6.3.9600
18 error argv "C:\\Program Files\\nodeJS\\node.exe" "C:\\Program Files\\nodeJS\\node_modules\\npm\\bin\\npm-cli.js" "start"
19 error node v7.2.0
20 error npm  v3.10.9
21 error code ELIFECYCLE
22 error iti-network@1.0.0 start: `npm run server`
22 error Exit status 3221225786
23 error Failed at the iti-network@1.0.0 start script 'npm run server'.
23 error Make sure you have the latest version of node.js and npm installed.
23 error If you do, this is most likely a problem with the iti-network package,
23 error not with npm itself.
23 error Tell the author that this fails on your system:
23 error     npm run server
23 error You can get information on how to open an issue for this project with:
23 error     npm bugs iti-network
23 error Or if that isn't available, you can get their info via:
23 error     npm owner ls iti-network
23 error There is likely additional logging output above.
24 verbose exit [ 1, true ]
